<?xml version="1.0" encoding="UTF-8"?>
<!-- Generated by org.testng.reporters.JUnitReportReporter -->
<testsuite hostname="DESKTOP-9MFP4A2" failures="0" tests="4" name="zei.ZeidlerProject" time="25.592" errors="0" timestamp="02 Jun 2020 08:59:07 GMT" skipped="0">
  <testcase classname="zei.ZeidlerProject" name="AddComputer" time="5.536"/>
  <testcase classname="zei.ZeidlerProject" name="FilterCompanyName" time="2.634"/>
  <testcase classname="zei.ZeidlerProject" name="UpdateCompanyName" time="6.138"/>
  <testcase classname="zei.ZeidlerProject" name="Delete" time="11.284"/>
</testsuite> <!-- zei.ZeidlerProject -->
